[18:13:27] [main/INFO]: Loading Minecraft 1.19.2 with Fabric Loader 0.14.10
[18:13:27] [ForkJoinPool-1-worker-1/WARN]: The mod "miskatonicmysteries" contains invalid entries in its mod json:
- Unsupported root entry "credit" at line 15 column 11
[18:13:27] [ForkJoinPool-1-worker-2/WARN]: Mod create uses the version 0.5.0f-776 which isn't compatible with Loader's extended semantic version format (Could not parse version number component '0f'!), SemVer is recommended for reliably evaluating dependencies and prioritizing newer version
[18:13:27] [ForkJoinPool-1-worker-8/WARN]: Mod nyfsquiver uses the version Fabric-0.5.1-1.19.2 which isn't compatible with Loader's extended semantic version format (Could not parse version number component 'Fabric'!), SemVer is recommended for reliably evaluating dependencies and prioritizing newer version
[18:13:27] [ForkJoinPool-1-worker-5/WARN]: Mod org_eclipse_jgit_org_eclipse_jgit_ssh_apache uses the version 6.2.0.202206071550-r which isn't compatible with Loader's extended semantic version format (Could not parse version number component '202206071550'!), SemVer is recommended for reliably evaluating dependencies and prioritizing newer version
[18:13:27] [ForkJoinPool-1-worker-5/WARN]: Mod org_eclipse_jgit_org_eclipse_jgit uses the version 6.2.0.202206071550-r which isn't compatible with Loader's extended semantic version format (Could not parse version number component '202206071550'!), SemVer is recommended for reliably evaluating dependencies and prioritizing newer version
[18:13:27] [main/INFO]: Loading 232 mods:
	- additionalentityattributes 1.0.0+1.19 via apoli
	- advanced_runtime_resource_pack 0.6.5 via extrarecords
	- apoli 2.6.1 via origins
	- architectury 6.3.49
	- armorrenderlib 0.2.6 via relicex
	- artifacts 7.1.1+fabric
	- autotag 2.0.0+1.19 via autotag-convention
	- autotag-convention 2.0.0+1.19
	- backslot 1.2.10
	- badpackets 0.2.0
	- bclib 2.1.2
	- beaconoverhaul 1.7.3+1.19.2
	- betterdeserttemples 1.19.2-Fabric-2.2.1
	- betterdungeons 1.19.2-Fabric-3.2.1
	- betterend 2.1.1
	- bettermineshafts 1.19.2-Fabric-3.2.0
	- betternether 7.1.1
	- betteroceanmonuments 1.19.2-Fabric-2.1.0
	- betterstrongholds 1.19.2-Fabric-3.2.0
	- betterwitchhuts 1.19.2-Fabric-2.1.0
	- biometech 0.1.3+1.19.2
	- blue_endless_jankson 1.2.1 via jankson
	- bluemap 3.6
	- bosses_of_mass_destruction 1.4.3-1.19.2
	- brazier 5.0.0
	- byg 2.0.0.13
	- calio 1.7.0 via apoli
	- cardinal-components 5.0.2
	- cardinal-components-base 5.0.2 via cardinal-components
	- cardinal-components-block 5.0.2 via cardinal-components
	- cardinal-components-chunk 5.0.2 via cardinal-components
	- cardinal-components-entity 5.0.2 via cardinal-components
	- cardinal-components-item 5.0.2 via cardinal-components
	- cardinal-components-level 5.0.2 via cardinal-components
	- cardinal-components-scoreboard 5.0.2 via cardinal-components
	- cardinal-components-world 5.0.2 via cardinal-components
	- charm 4.4.4
	- chunky 1.3.38
	- cloth-basic-math 0.6.1 via cloth-config
	- cloth-config 8.2.88
	- coloredglowlib 2.0.1+fabric_1.19.2
	- com_electronwill_night-config_core 3.6.6 via byg
	- com_electronwill_night-config_toml 3.6.6 via byg
	- com_eliotlash_mclib_mclib 19 via geckolib3
	- com_github_llamalad7_mixinextras 0.1.1 via porting_lib_base
	- com_google_code_findbugs_jsr305 3.0.2 via create
	- com_googlecode_javaewah_javaewah 1.1.13 via fastback
	- com_moandjiezana_toml_toml4j 0.7.2 via charm
	- comforts 6.0.2+1.19.2
	- common-protection-api 1.0.0 via biometech
	- config2brigadier 1.2.1 via fabrictailor
	- connectiblechains 2.1.3+1.19.2
	- create 0.5.0f-776
	- creaturesofthesnow 3.1.0+1.19.2
	- dataattributes 1.2.7
	- dripstone_fluid_lib 2.0.1 via milk
	- dungeon_now_loading 1.0.0
	- durabilitynotifier 1.3.1
	- eldritch_mobs 1.12.7
	- elytraslot 6.0.0+1.19.2
	- endrem 5.2.0
	- expandability 6.0.0 via artifacts
	- expandeddelight 0.2.2
	- extrarecords 3.4
	- fabric-api 0.66.0+1.19.2
	- fabric-api-base 0.4.12+93d8cb8290 via fabric-api
	- fabric-api-lookup-api-v1 1.6.10+93d8cb8290 via fabric-api
	- fabric-biome-api-v1 9.0.18+c6af733c90 via fabric-api
	- fabric-block-api-v1 1.0.0+12bfe4ea90 via fabric-api
	- fabric-command-api-v1 1.2.12+f71b366f90 via fabric-api
	- fabric-command-api-v2 2.1.8+93d8cb8290 via fabric-api
	- fabric-commands-v0 0.2.29+df3654b390 via fabric-api
	- fabric-containers-v0 0.1.35+df3654b390 via fabric-api
	- fabric-content-registries-v0 3.4.1+6064db2a90 via fabric-api
	- fabric-convention-tags-v1 1.1.2+93d8cb8290 via fabric-api
	- fabric-crash-report-info-v1 0.2.6+aeb40ebe90 via fabric-api
	- fabric-data-generation-api-v1 5.2.3+b598f4ac90 via fabric-api
	- fabric-dimensions-v1 2.1.32+0dd10df690 via fabric-api
	- fabric-entity-events-v1 1.5.0+a1d87cb890 via fabric-api
	- fabric-events-interaction-v0 0.4.29+c6af733c90 via fabric-api
	- fabric-events-lifecycle-v0 0.2.29+df3654b390 via fabric-api
	- fabric-game-rule-api-v1 1.0.22+c6af733c90 via fabric-api
	- fabric-item-api-v1 1.5.8+93d8cb8290 via fabric-api
	- fabric-item-groups-v0 0.3.33+70efcffe90 via fabric-api
	- fabric-language-kotlin 1.8.5+kotlin.1.7.20
	- fabric-lifecycle-events-v1 2.2.0+33ffe9ec90 via fabric-api
	- fabric-loot-api-v2 1.1.7+83a8659290 via fabric-api
	- fabric-loot-tables-v1 1.1.10+9e7660c690 via fabric-api
	- fabric-message-api-v1 5.0.4+93d8cb8290 via fabric-api
	- fabric-mining-level-api-v1 2.1.18+33fbc73890 via fabric-api
	- fabric-networking-api-v1 1.2.5+c6af733c90 via fabric-api
	- fabric-networking-v0 0.3.22+df3654b390 via fabric-api
	- fabric-object-builder-api-v1 4.1.0+06e0e25190 via fabric-api
	- fabric-particles-v1 1.0.11+79adfe0a90 via fabric-api
	- fabric-permissions-api-v0 0.2-SNAPSHOT via fastback
	- fabric-registry-sync-v0 0.9.26+c6af733c90 via fabric-api
	- fabric-rendering-data-attachment-v1 0.3.16+12bfe4ea90 via fabric-api
	- fabric-rendering-fluids-v1 3.0.8+c6af733c90 via fabric-api
	- fabric-resource-conditions-api-v1 2.1.0+aae9039d90 via fabric-api
	- fabric-resource-loader-v0 0.7.3+3e1ba48e90 via fabric-api
	- fabric-screen-handler-api-v1 1.3.1+1cc24b1b90 via fabric-api
	- fabric-transfer-api-v1 2.1.1+93d8cb8290 via fabric-api
	- fabric-transitive-access-wideners-v1 1.3.1+42d99c3290 via fabric-api
	- fabricloader 0.14.10
	- fabrictailor 2.0.1
	- fake-player-api 0.5.0 via create
	- farmersdelight 1.19-1.3.3
	- farmersknives 2.1
	- fastback 0.7.3+1.19.2
	- ferritecore 4.2.1
	- fiber 0.23.0-2 via patchouli
	- forgeconfigapiport 4.2.6
	- geckolib3 3.1.29
	- go-fish 1.6.0-1.19.1
	- gobber2 2.6.56
	- hologram-api 0.2.2+1.19 via biometech
	- immersive_weathering 1.19.2-1.2.2
	- jankson 4.1.1+j1.2.1 via libgui
	- java 17
	- kanos_config 0.3.1+1.14.4-1.19 via pehkui
	- lchunkloader 2.0.3
	- libgui 6.0.0+1.19 via lchunkloader
	- libninepatch 1.1.0 via libgui
	- libra 0.5.44
	- lightwithin 0.3.1
	- lithium 0.10.0
	- maelstrom_library 1.3-1.19-pre1 via bosses_of_mass_destruction
	- mcda 2.2.0
	- medievalweapons 1.4.2
	- midnightlib 0.6.1 via miskatonicmysteries
	- milk 1.0.50 via create
	- minecraft 1.19.2
	- miskatonicmysteries 0.1.4
	- mm 2.3 via porting_lib_base
	- moonlight 1.19.2-2.1.6
	- multipart_entities 1.2-1.19-pre1 via bosses_of_mass_destruction
	- nameplate 1.0.9
	- naturalist 2.1.1
	- net_i2p_crypto_eddsa 0.3.0 via fastback
	- net_objecthunter_exp4j 0.4.8 via playerex
	- nyfsquiver Fabric-0.5.1-1.19.2
	- opc 0.6.4 via playerex
	- org_apache_sshd_sshd-common 2.8.0 via fastback
	- org_apache_sshd_sshd-core 2.8.0 via fastback
	- org_eclipse_jgit_org_eclipse_jgit 6.2.0.202206071550-r via fastback
	- org_eclipse_jgit_org_eclipse_jgit_ssh_apache 6.2.0.202206071550-r via fastback
	- org_javassist_javassist 3.28.0-GA via yungsapi
	- org_jetbrains_kotlin_kotlin-reflect 1.7.20 via fabric-language-kotlin
	- org_jetbrains_kotlin_kotlin-stdlib 1.7.20 via fabric-language-kotlin
	- org_jetbrains_kotlin_kotlin-stdlib-jdk7 1.7.20 via fabric-language-kotlin
	- org_jetbrains_kotlin_kotlin-stdlib-jdk8 1.7.20 via fabric-language-kotlin
	- org_jetbrains_kotlinx_atomicfu-jvm 0.18.4 via fabric-language-kotlin
	- org_jetbrains_kotlinx_kotlinx-coroutines-core-jvm 1.6.4 via fabric-language-kotlin
	- org_jetbrains_kotlinx_kotlinx-coroutines-jdk8 1.6.4 via fabric-language-kotlin
	- org_jetbrains_kotlinx_kotlinx-datetime-jvm 0.4.0 via fabric-language-kotlin
	- org_jetbrains_kotlinx_kotlinx-serialization-cbor-jvm 1.4.1 via fabric-language-kotlin
	- org_jetbrains_kotlinx_kotlinx-serialization-core-jvm 1.4.1 via fabric-language-kotlin
	- org_jetbrains_kotlinx_kotlinx-serialization-json-jvm 1.4.1 via fabric-language-kotlin
	- org_reflections_reflections 0.10.2 via yungsapi
	- origins 1.7.1
	- origins-classes 1.4.0
	- owo 0.7.3+1.19 via victus
	- packet_tweaker 0.3.0+1.18.2 via fastback
	- patchouli 1.19.2-77-FABRIC
	- pehkui 3.6.0+1.14.4-1.19.3
	- perit 1.0.3
	- placeholder-api 2.0.0-beta.7+1.19 via playerex
	- player-animator 0.3.5
	- playerabilitylib 1.6.0 via apoli
	- playerex 3.3.7
	- polymer 0.2.16+1.19.2 via biometech
	- polymer-registry-sync-manipulator 0.0.3+1.19.2 via polymer
	- porting_lib 2.0.612+1.19.2 via create
	- porting_lib_accessors 2.0.612+1.19.2 via porting_lib_extensions
	- porting_lib_attributes 2.0.612+1.19.2 via porting_lib_extensions
	- porting_lib_base 2.0.612+1.19.2 via porting_lib
	- porting_lib_common 2.0.612+1.19.2 via porting_lib_extensions
	- porting_lib_constants 2.0.612+1.19.2 via porting_lib_attributes
	- porting_lib_entity 2.0.612+1.19.2 via porting_lib
	- porting_lib_extensions 2.0.612+1.19.2 via porting_lib_transfer
	- porting_lib_lazy_registration 2.0.612+1.19.2 via porting_lib
	- porting_lib_model_generators 2.0.612+1.19.2 via porting_lib
	- porting_lib_model_loader 2.0.612+1.19.2 via porting_lib_obj_loader
	- porting_lib_models 2.0.612+1.19.2 via porting_lib
	- porting_lib_networking 2.0.612+1.19.2 via porting_lib
	- porting_lib_obj_loader 2.0.612+1.19.2 via porting_lib
	- porting_lib_tags 2.0.612+1.19.2 via porting_lib
	- porting_lib_transfer 2.0.612+1.19.2 via porting_lib
	- pugh_lib 1.4.15 via gobber2
	- pugh_tools 1.3.22 via gobber2
	- reach-entity-attributes 2.3.0 via beaconoverhaul
	- registrate-fabric 1.1.42-MC1.19.2 via create
	- relicex 3.2.5
	- rpgdifficulty 1.3.0
	- scout 1.1.1
	- serialization_hooks 0.3.26 via porting_lib_base
	- server_translations_api 1.4.17+1.19.2 via fastback
	- sgui 1.1.5+1.19.1 via biometech
	- simplehats 1.19.2-0.1.5
	- simply_houses 1.1.3-1.19
	- soulsweapons 0.9.7
	- spectrelib 0.10.0+1.19 via comforts
	- spellbound 1.10.0
	- starlight 1.1.1+fabric.ae22326
	- step-height-entity-attribute 1.0.0 via artifacts
	- structureplacerapi 1.0.1 via lightwithin
	- team_reborn_energy 2.2.0 via miskatonicmysteries
	- terrablender 2.0.1.127
	- terraform-biome-remapper-api-v1 4.2.0 via terrestria
	- terraform-config-api-v1 4.2.0 via terrestria
	- terraform-dirt-api-v1 4.2.0 via terrestria
	- terraform-shapes-api-v1 4.2.0 via terrestria
	- terraform-surfaces-api-v1 4.2.0 via terrestria
	- terraform-tree-api-v1 4.2.0 via terrestria
	- terraform-wood-api-v1 4.2.0 via terrestria
	- terrestria 5.0.4
	- terrestria-common 5.0.4 via terrestria
	- terrestria-worldgen 5.0.4 via terrestria
	- tiered 1.1.3
	- toms_storage 1.4.3
	- traverse 6.0.5
	- traverse-common 6.0.5 via traverse
	- traverse-worldgen 6.0.5 via traverse
	- trinkets 3.4.0
	- unstructured 0.5.3+1.19.2
	- updatefixerupper 1.0.2
	- vanityslots 1.2.2
	- victus 0.1.11+1.19
	- witcheroriginaddon 1.19-1.3.11-FABRIC
	- worldedit 7.2.12+6240-87f4ae1
	- yungsapi 1.19.2-Fabric-3.8.2
	- yungsextras 1.19.2-Fabric-3.1.0
[18:13:27] [main/INFO]: SpongePowered MIXIN Subsystem Version=0.8.5 Source=file:/home/liabri/loghob/minecraft/akitio/server/libraries/net/fabricmc/sponge-mixin/0.11.4+mixin.0.8.5/sponge-mixin-0.11.4+mixin.0.8.5.jar Service=Knot/Fabric Env=SERVER
[18:13:27] [main/INFO]: Compatibility level set to JAVA_17
[18:13:28] [main/INFO]: [MixinConfig] Not adding no_crop_trampling.PreventTramplingMixin
[18:13:28] [main/INFO]: [MixinConfig] Not adding more_portal_frames.LightPortalBlockMixin
[18:13:28] [main/INFO]: [MixinConfig] Not adding no_cured_villager_discount.BypassReputationGossipMixin
[18:13:28] [main/INFO]: [MixinConfig] Not adding respawn_anchor_in_the_end.CheckIfCanSetSpawnMixin
[18:13:28] [main/INFO]: [MixinConfig] Not adding totem_of_preserving.ExplosionMixin
[18:13:28] [main/INFO]: [MixinConfig] Not adding no_potion_glint.CheckPotionHasGlintMixin
[18:13:28] [main/INFO]: [MixinConfig] Not adding block_of_ender_pearls.PreventRandomTeleportMixin
[18:13:28] [main/INFO]: [MixinConfig] Not adding more_portal_frames.AddValidPortalFrameBlocksMixin
[18:13:28] [main/INFO]: [MixinConfig] Not adding no_spyglass_scope.RemoveSpyglassHudMixin
[18:13:28] [main/INFO]: [MixinConfig] Not adding chickens_drop_feathers.DropFeatherMixin
[18:13:28] [main/INFO]: [MixinConfig] Not adding no_treasure_enchantment_trading.CheckIfTradeableMixin
[18:13:28] [main/INFO]: [MixinConfig] Not adding atlases.CheckContainsMapsMixin
[18:13:28] [main/INFO]: [MixinConfig] Not adding collection_enchantment.TryBreakBlockMixin
[18:13:28] [main/INFO]: [MixinConfig] Not adding atlases.DrawAtlasOnCartographyTableMixin
[18:13:28] [main/INFO]: [MixinConfig] Not adding totem_of_preserving.DestroyBlockMixin
[18:13:28] [main/INFO]: [MixinConfig] Not adding atlases.ScaleAtlasesOnCartographyTableMixin
[18:13:28] [main/INFO]: [MixinConfig] Not adding collection_enchantment.AddDroppedItemToInventoryMixin
[18:13:28] [main/INFO]: [MixinConfig] Not adding totem_works_from_inventory.CheckInventoryMixin
[18:13:28] [main/INFO]: Loaded configuration file for Lithium: 105 options available, 1 override(s) found
[18:13:28] [main/WARN]: Reference map 'structureplacerapi-refmap.json' for structureplacerapi.mixins.json could not be read. If this is a development environment you can ignore this message
[18:13:28] [main/WARN]: Reference map 'traverse-common-refmap.json' for mixins.traverse-common.json could not be read. If this is a development environment you can ignore this message
[18:13:28] [main/WARN]: Reference map 'yungsextras.refmap.json' for yungsextras.mixins.json could not be read. If this is a development environment you can ignore this message
[18:13:28] [main/WARN]: Reference map 'yungsextras.refmap.json' for yungsextras_fabric.mixins.json could not be read. If this is a development environment you can ignore this message
[18:13:29] [main/WARN]: Error loading class: net/minecraft/class_906 (java.lang.ClassNotFoundException: net/minecraft/class_906)
[18:13:29] [main/WARN]: @Mixin target net.minecraft.class_906 was not found go-fish.mixins.json:FishingBobberEntityRendererMixin from mod go-fish
[18:13:29] [main/WARN]: Error loading class: net/minecraft/class_702 (java.lang.ClassNotFoundException: net/minecraft/class_702)
[18:13:29] [main/WARN]: @Mixin target net.minecraft.class_702 was not found go-fish.mixins.json:ParticleManagerMixin from mod go-fish
[18:13:29] [main/WARN]: Force-disabling mixin 'alloc.blockstate.StateMixin' as rule 'mixin.alloc.blockstate' (added by mods [ferritecore]) disables it and children
[18:13:30] [main/WARN]: Error loading class: net/minecraft/class_5616 (java.lang.ClassNotFoundException: net/minecraft/class_5616)
[18:13:30] [main/WARN]: @Mixin target net.minecraft.class_5616 was not found registrate-fabric.mixins.json:accessor.BlockEntityRenderersAccessor from mod registrate-fabric
[18:13:30] [main/INFO]: I used the json to destroy the json
[18:13:32] [main/WARN]: Error loading class: org/spongepowered/asm/synthetic/args/Args$2 (java.lang.ClassNotFoundException: org/spongepowered/asm/synthetic/args/Args$2)
[18:13:34] [main/INFO]: [bclib] Added Config bclib.generator to auto sync (file hash)
[18:13:34] [main/INFO]: [bclib] Added Config bclib.main to auto sync (content diff)
[18:13:34] [main/INFO]: [bclib] Added Config bclib.recipes to auto sync (file hash)
[18:13:34] [main/INFO]: [bclib] Added Config bclib.biomes to auto sync (file hash)
[18:13:34] [main/WARN]: Error loading class: org/spongepowered/asm/synthetic/args/Args$6 (java.lang.ClassNotFoundException: org/spongepowered/asm/synthetic/args/Args$6)
[18:13:35] [main/INFO]: Gobber Mod Info Message: Max value of attribute.name.generic.armor is currently set to 80.0
[18:13:37] [main/INFO]: Building unoptimized datafixer
[18:13:38] [main/WARN]: @ModifyConstant conflict. Skipping yungsapi_fabric.mixins.json:IncreaseStructureWeightLimitMixinFabric from mod yungsapi->@ModifyConstant::yungsapi_increaseWeightLimitProd(I)I with priority 1000, already redirected by mixins.miskatonicmysteries.common.json:world.StructurePoolMixin from mod miskatonicmysteries->@ModifyConstant::mm_increaseWeightLimit(I)I with priority 1000
[18:13:39] [main/INFO]: [bclib] Make sure features are loaded from terrablender
BCLib - Nether BiomeSource (7f0857a4)
    biomes     = 5
    namespaces = minecraft
    seed       = 0
    height     = 128
    config     = BCLibNetherBiomeSourceConfig{mapVersion=hex}
[18:13:39] [main/INFO]: [bclib] Make sure features are loaded from terrablender
BCLib - The End BiomeSource (1a2fc7a3)
    biomes     = 5
    namespaces = minecraft
    seed       = 0
    height     = 128
    deciders   = 0
    config     = BCLEndBiomeSourceConfig{mapVersion=hex, generatorVersion=paulevs, withVoidBiomes=true, innerVoidRadiusSquared=1048576, voidBiomesSize=256, centerBiomesSize=256, landBiomesSize=256, barrensBiomesSize=256}
[18:13:39] [main/INFO]: [bclib] Make sure features are loaded from terrablender
BCLib - Nether BiomeSource (c4364fc)
    biomes     = 5
    namespaces = minecraft
    seed       = 0
    height     = 128
    config     = BCLibNetherBiomeSourceConfig{mapVersion=square}
[18:13:39] [main/INFO]: [bclib] Make sure features are loaded from terrablender
BCLib - The End BiomeSource (7aba0b5a)
    biomes     = 5
    namespaces = minecraft
    seed       = 0
    height     = 128
    deciders   = 0
    config     = BCLEndBiomeSourceConfig{mapVersion=square, generatorVersion=paulevs, withVoidBiomes=true, innerVoidRadiusSquared=1048576, voidBiomesSize=256, centerBiomesSize=256, landBiomesSize=256, barrensBiomesSize=256}
[18:13:39] [main/INFO]: apoli.mixins.json:ItemSlotArgumentTypeAccessor from mod apoli->@Accessor[FIELD_GETTER]::getSlotNamesToSlotCommandId()Ljava/util/Map; should be static as its target is
[18:13:40] [main/INFO]: [bclib] Added Config betternether.main to auto sync (file hash)
[18:13:40] [main/INFO]: [bclib] Added Config betternether.generator to auto sync (file hash)
[18:13:40] [main/INFO]: [bclib] Added Config betternether.blocks to auto sync (file hash)
[18:13:40] [main/INFO]: [bclib] Added Config betternether.items to auto sync (file hash)
[18:13:40] [main/INFO]: [bclib] Added Config betternether.biomes to auto sync (file hash)
[18:13:40] [main/INFO]: [bclib] Added Config betternether.mobs to auto sync (file hash)
[18:13:40] [main/INFO]: [bclib] Added Config betternether.recipes to auto sync (file hash)
[18:13:41] [main/INFO]: Apoli 2.6.1 has initialized. Ready to power up your game!
[18:13:41] [main/INFO]: Finished initialization
[18:13:41] [main/INFO]: Reflections took 54 ms to scan 1 urls, producing 1 keys and 3 values
[18:13:41] [main/INFO]: Reflections took 5 ms to scan 1 urls, producing 1 keys and 3 values
[18:13:41] [main/INFO]: Reflections took 4 ms to scan 1 urls, producing 1 keys and 3 values
[18:13:41] [main/INFO]: Reflections took 4 ms to scan 1 urls, producing 1 keys and 3 values
[18:13:41] [main/INFO]: [bclib] Added Config betterend.entities to auto sync (file hash)
[18:13:41] [main/INFO]: [bclib] Added Config betterend.blocks to auto sync (file hash)
[18:13:41] [main/INFO]: [bclib] Added Config betterend.items to auto sync (file hash)
[18:13:41] [main/INFO]: [bclib] Added Config betterend.biomes to auto sync (file hash)
[18:13:41] [main/INFO]: [bclib] Added Config betterend.recipes to auto sync (file hash)
[18:13:41] [main/INFO]: [bclib] Added Config betterend.enchantments to auto sync (file hash)
[18:13:42] [main/ERROR]: No data fixer registered for withered_demon
[18:13:42] [main/ERROR]: No data fixer registered for accursed_lord_boss
[18:13:42] [main/ERROR]: No data fixer registered for draugr_boss
[18:13:42] [main/ERROR]: No data fixer registered for night_shade
[18:13:42] [main/ERROR]: No data fixer registered for returning_knight
[18:13:42] [main/ERROR]: No data fixer registered for day_stalker
[18:13:42] [main/ERROR]: No data fixer registered for night_prowler
[18:13:42] [main/INFO]: Reflections took 2 ms to scan 1 urls, producing 1 keys and 2 values
[18:13:42] [main/INFO]: Reflections took 2 ms to scan 1 urls, producing 1 keys and 2 values
[18:13:42] [main/INFO]: [betternether] =^..^=    BetterNether for 1.19    =^..^=
[18:13:42] [main/INFO]: Reflections took 1 ms to scan 1 urls, producing 1 keys and 1 values
[18:13:42] [main/INFO]: Reflections took 0 ms to scan 1 urls, producing 1 keys and 1 values
[18:13:42] [main/INFO]: Reflections took 1 ms to scan 1 urls, producing 1 keys and 2 values
[18:13:42] [main/INFO]: Reflections took 2 ms to scan 1 urls, producing 1 keys and 2 values
[18:13:42] [main/INFO]: Reflections took 1 ms to scan 1 urls, producing 1 keys and 1 values
[18:13:42] [main/INFO]: Reflections took 1 ms to scan 1 urls, producing 1 keys and 1 values
[18:13:43] [main/INFO]: Registering C2S receiver with id brazier:network/555ba35c02ea32b197b369216f2b6d8b
[18:13:43] [main/INFO]: BYG registries bootstrapped
[18:13:44] [main/ERROR]: No data fixer registered for byg:boat
[18:13:44] [main/ERROR]: No data fixer registered for byg:chest_boat
[18:13:44] [main/INFO]: Initializing BYG network...
[18:13:44] [main/INFO]: Initialized BYG network!
[18:13:44] [main/INFO]: Oh The Biomes You'll Go (BYG) was initialized from "Fabric Mod Initializer"
[18:13:44] [main/INFO]: [ModuleLoader] Enabled AerialAffinityEnchantment
[18:13:44] [main/INFO]: [ModuleLoader] Enabled AllowTooExpensive
[18:13:44] [main/INFO]: [ModuleLoader] Enabled AmethystNoteBlock
[18:13:44] [main/INFO]: [ModuleLoader] Enabled AutoRestock
[18:13:44] [main/INFO]: [ModuleLoader] Enabled AutomaticRecipeUnlock
[18:13:44] [main/INFO]: [ModuleLoader] Enabled AzaleaWood
[18:13:44] [main/INFO]: [ModuleLoader] Enabled BatBuckets
[18:13:44] [main/INFO]: [ModuleLoader] Enabled BeaconsHealMobs
[18:13:44] [main/INFO]: [ModuleLoader] Enabled Beekeepers
[18:13:44] [main/INFO]: [ModuleLoader] Enabled Bookcases
[18:13:44] [main/INFO]: [ModuleLoader] Enabled CaveSpidersDropCobwebs
[18:13:44] [main/INFO]: [ModuleLoader] Enabled ClearItemFrames
[18:13:44] [main/INFO]: [ModuleLoader] Enabled ColoredNetherPortals
[18:13:44] [main/INFO]: [ModuleLoader] Enabled CoralSquids
[18:13:44] [main/INFO]: [ModuleLoader] Enabled Core
[18:13:44] [main/INFO]: [ModuleLoader] Enabled DiscsStopBackgroundMusic
[18:13:44] [main/INFO]: [ModuleLoader] Enabled EbonyWood
[18:13:44] [main/INFO]: [ModuleLoader] Enabled EditableSigns
[18:13:44] [main/INFO]: [ModuleLoader] Enabled EndermitePowder
[18:13:44] [main/INFO]: [ModuleLoader] Enabled ExtraBoats
[18:13:44] [main/INFO]: [ModuleLoader] Enabled ExtraRecipes
[18:13:44] [main/INFO]: [ModuleLoader] Enabled ExtraTrades
[18:13:44] [main/INFO]: [ModuleLoader] Enabled ExtraWanderingTrades
[18:13:44] [main/INFO]: [ModuleLoader] Enabled ExtractEnchantments
[18:13:44] [main/INFO]: [ModuleLoader] Enabled GentlePotionParticles
[18:13:44] [main/INFO]: [ModuleLoader] Enabled GoatsDropMutton
[18:13:44] [main/INFO]: [ModuleLoader] Enabled GrindableArmor
[18:13:44] [main/INFO]: [ModuleLoader] Enabled HusksDropSand
[18:13:44] [main/INFO]: [ModuleLoader] Enabled HusksSpawnUnderground
[18:13:44] [main/INFO]: [ModuleLoader] Enabled ImprovedFortressLoot
[18:13:44] [main/INFO]: [ModuleLoader] Enabled ImprovedMansionLoot
[18:13:44] [main/INFO]: [ModuleLoader] Enabled ImprovedMineshafts
[18:13:44] [main/INFO]: [ModuleLoader] Enabled Kilns
[18:13:44] [main/INFO]: [ModuleLoader] Enabled LowerNoteblockPitch
[18:13:44] [main/INFO]: [ModuleLoader] Enabled Lumberjacks
[18:13:44] [main/INFO]: [ModuleLoader] Enabled MapTooltip
[18:13:44] [main/INFO]: [ModuleLoader] Enabled NoChatVerifiedNag
[18:13:44] [main/INFO]: [ModuleLoader] Enabled NoPetDamage
[18:13:44] [main/INFO]: [ModuleLoader] Enabled OpenBothDoors
[18:13:44] [main/INFO]: [ModuleLoader] Enabled ParrotsStayOnShoulder
[18:13:44] [main/INFO]: [ModuleLoader] Enabled PathToDirt
[18:13:44] [main/INFO]: [ModuleLoader] Enabled PlayerPressurePlates
[18:13:44] [main/INFO]: [ModuleLoader] Enabled QuickReplant
[18:13:44] [main/INFO]: [ModuleLoader] Enabled RaidHorns
[18:13:44] [main/INFO]: [ModuleLoader] Enabled RepairElytraFromLeather
[18:13:44] [main/INFO]: [ModuleLoader] Enabled RepairNetheriteFromScrap
[18:13:44] [main/INFO]: [ModuleLoader] Enabled RepairTridentsFromShards
[18:13:44] [main/INFO]: [ModuleLoader] Enabled ShowRepairCost
[18:13:44] [main/INFO]: [ModuleLoader] Enabled ShulkerBoxDragDrop
[18:13:44] [main/INFO]: [ModuleLoader] Enabled ShulkerBoxTooltip
[18:13:44] [main/INFO]: [ModuleLoader] Enabled SmoothGlowstone
[18:13:44] [main/INFO]: [ModuleLoader] Enabled SnowAccumulation
[18:13:44] [main/INFO]: [ModuleLoader] Enabled StackableEnchantedBooks
[18:13:44] [main/INFO]: [ModuleLoader] Enabled StackablePotions
[18:13:44] [main/INFO]: [ModuleLoader] Enabled StackableStews
[18:13:44] [main/INFO]: [ModuleLoader] Enabled StraysDropBlueIce
[18:13:44] [main/INFO]: [ModuleLoader] Enabled StraysSpawnUnderground
[18:13:44] [main/INFO]: [ModuleLoader] Enabled StrongerAnvils
[18:13:44] [main/INFO]: [ModuleLoader] Enabled VariantBarrels
[18:13:44] [main/INFO]: [ModuleLoader] Enabled VariantBars
[18:13:44] [main/INFO]: [ModuleLoader] Enabled VariantBookshelves
[18:13:44] [main/INFO]: [ModuleLoader] Enabled VariantChains
[18:13:44] [main/INFO]: [ModuleLoader] Enabled VariantChests
[18:13:44] [main/INFO]: [ModuleLoader] Enabled VariantLadders
[18:13:44] [main/INFO]: [ModuleLoader] Enabled VariantLanterns
[18:13:44] [main/INFO]: [ModuleLoader] Enabled VariantMobTextures
[18:13:44] [main/INFO]: [ModuleLoader] Enabled VillagersFollowEmeraldBlocks
[18:13:44] [main/INFO]: [ModuleLoader] Enabled WeatheringIron
[18:13:44] [main/INFO]: [ModuleLoader] Enabled WitchesDropLuck
[18:13:44] [main/INFO]: [ModuleLoader] Enabled Woodcutters
[18:13:44] [main/INFO]: [ModuleLoader] Running AerialAffinityEnchantment
[18:13:44] [main/INFO]: [ModuleLoader] Running AllowTooExpensive
[18:13:44] [main/INFO]: [ModuleLoader] Running AmethystNoteBlock
[18:13:44] [main/INFO]: [ModuleLoader] Running AutoRestock
[18:13:44] [main/INFO]: [ModuleLoader] Running AutomaticRecipeUnlock
[18:13:44] [main/INFO]: [ModuleLoader] Running AzaleaWood
[18:13:44] [main/INFO]: [ModuleLoader] Running BatBuckets
[18:13:44] [main/INFO]: [ModuleLoader] Running BeaconsHealMobs
[18:13:44] [main/INFO]: [ModuleLoader] Running Beekeepers
[18:13:44] [main/INFO]: [ModuleLoader] Running Bookcases
[18:13:44] [main/INFO]: [ModuleLoader] Running CaveSpidersDropCobwebs
[18:13:44] [main/INFO]: [ModuleLoader] Running ClearItemFrames
[18:13:44] [main/INFO]: [ModuleLoader] Running ColoredNetherPortals
[18:13:44] [main/INFO]: [ModuleLoader] Running CoralSquids
[18:13:44] [main/INFO]: [ModuleLoader] Running Core
[18:13:44] [main/INFO]: [ModuleLoader] Running DiscsStopBackgroundMusic
[18:13:44] [main/INFO]: [ModuleLoader] Running EbonyWood
[18:13:44] [main/INFO]: [ModuleLoader] Running EditableSigns
[18:13:44] [main/INFO]: [ModuleLoader] Running EndermitePowder
[18:13:44] [main/INFO]: [ModuleLoader] Running ExtraBoats
[18:13:44] [main/INFO]: [ModuleLoader] Running ExtraRecipes
[18:13:44] [main/INFO]: [ModuleLoader] Running ExtraTrades
[18:13:44] [main/INFO]: [ModuleLoader] Running ExtraWanderingTrades
[18:13:44] [main/INFO]: [ModuleLoader] Running ExtractEnchantments
[18:13:44] [main/INFO]: [ModuleLoader] Running GentlePotionParticles
[18:13:44] [main/INFO]: [ModuleLoader] Running GoatsDropMutton
[18:13:44] [main/INFO]: [ModuleLoader] Running GrindableArmor
[18:13:44] [main/INFO]: [ModuleLoader] Running HusksDropSand
[18:13:44] [main/INFO]: [ModuleLoader] Running HusksSpawnUnderground
[18:13:44] [main/INFO]: [ModuleLoader] Running ImprovedFortressLoot
[18:13:44] [main/INFO]: [ModuleLoader] Running ImprovedMansionLoot
[18:13:44] [main/INFO]: [ModuleLoader] Running ImprovedMineshafts
[18:13:44] [main/INFO]: [ModuleLoader] Running Kilns
[18:13:44] [main/INFO]: [ModuleLoader] Running LowerNoteblockPitch
[18:13:44] [main/INFO]: [ModuleLoader] Running Lumberjacks
[18:13:44] [main/INFO]: [ModuleLoader] Running MapTooltip
[18:13:44] [main/INFO]: [ModuleLoader] Running NoChatVerifiedNag
[18:13:44] [main/INFO]: [ModuleLoader] Running NoPetDamage
[18:13:44] [main/INFO]: [ModuleLoader] Running OpenBothDoors
[18:13:44] [main/INFO]: [ModuleLoader] Running ParrotsStayOnShoulder
[18:13:44] [main/INFO]: [ModuleLoader] Running PathToDirt
[18:13:44] [main/INFO]: [ModuleLoader] Running PlayerPressurePlates
[18:13:44] [main/INFO]: [ModuleLoader] Running QuickReplant
[18:13:44] [main/INFO]: [ModuleLoader] Running RaidHorns
[18:13:44] [main/INFO]: [ModuleLoader] Running RepairElytraFromLeather
[18:13:44] [main/INFO]: [ModuleLoader] Running RepairNetheriteFromScrap
[18:13:44] [main/INFO]: [ModuleLoader] Running RepairTridentsFromShards
[18:13:44] [main/INFO]: [ModuleLoader] Running ShowRepairCost
[18:13:44] [main/INFO]: [ModuleLoader] Running ShulkerBoxDragDrop
[18:13:44] [main/INFO]: [ModuleLoader] Running ShulkerBoxTooltip
[18:13:44] [main/INFO]: [ModuleLoader] Running SmoothGlowstone
[18:13:44] [main/INFO]: [ModuleLoader] Running SnowAccumulation
[18:13:44] [main/INFO]: [ModuleLoader] Running StackableEnchantedBooks
[18:13:44] [main/INFO]: [ModuleLoader] Running StackablePotions
[18:13:44] [main/INFO]: [ModuleLoader] Running StackableStews
[18:13:44] [main/INFO]: [ModuleLoader] Running StraysDropBlueIce
[18:13:44] [main/INFO]: [ModuleLoader] Running StraysSpawnUnderground
[18:13:44] [main/INFO]: [ModuleLoader] Running StrongerAnvils
[18:13:44] [main/INFO]: [ModuleLoader] Running VariantBarrels
[18:13:44] [main/INFO]: [ModuleLoader] Running VariantBars
[18:13:44] [main/INFO]: [ModuleLoader] Running VariantBookshelves
[18:13:44] [main/INFO]: [ModuleLoader] Running VariantChains
[18:13:44] [main/INFO]: [ModuleLoader] Running VariantChests
[18:13:44] [main/INFO]: [ModuleLoader] Running VariantLadders
[18:13:44] [main/INFO]: [ModuleLoader] Running VariantLanterns
[18:13:44] [main/INFO]: [ModuleLoader] Running VariantMobTextures
[18:13:44] [main/INFO]: [ModuleLoader] Running VillagersFollowEmeraldBlocks
[18:13:44] [main/INFO]: [ModuleLoader] Running WeatheringIron
[18:13:44] [main/INFO]: [ModuleLoader] Running WitchesDropLuck
[18:13:44] [main/INFO]: [ModuleLoader] Running Woodcutters
[18:13:44] [main/INFO]: Initializing...
[18:13:44] [main/INFO]: All 4 have been set properly
[18:13:44] [main/INFO]: All 4 have been set properly
[18:13:44] [main/INFO]: All 4 have been reloaded properly
[18:13:44] [main/INFO]: All 4 have been set properly
[18:13:44] [main/INFO]: All 4 have been reloaded properly
[18:13:44] [main/INFO]: All 4 have been set properly
[18:13:44] [main/INFO]: All 4 have been reloaded properly
[18:13:44] [main/INFO]: All 4 have been set properly
[18:13:44] [main/INFO]: All 4 have been reloaded properly
[18:13:44] [main/INFO]: All 4 have been set properly
[18:13:44] [main/INFO]: All 4 have been reloaded properly
[18:13:44] [main/INFO]: Complete!
[18:13:44] [main/INFO]: Loaded C2B lib.
[18:13:44] [main/INFO]: Initialized entity types.
[18:13:46] [main/WARN]: Encountered duplicate API provider registration for item: minecraft:glass_bottle
[18:13:46] [main/WARN]: Encountered duplicate API provider registration for item: minecraft:bucket
[18:13:46] [main/WARN]: Encountered duplicate API provider registration for item: minecraft:bucket
[18:13:46] [main/WARN]: Encountered duplicate API provider registration for item: minecraft:glass_bottle
[18:13:46] [main/WARN]: Encountered duplicate API provider registration for item: minecraft:bucket
[18:13:46] [main/INFO]: Channelling eldritch energies...
[18:13:46] [main/INFO]: ExpandAbility here, who dis?
[18:13:46] [main/INFO]: Configs: vanillaDrops = false ; minecraftOST = true ; helltakerOST = true ; helltakerRemixes = true ; ddlcOST = true ; 
[18:13:46] [main/INFO]: Farmer's Knives loaded!
[18:13:46] [main/INFO]: Registering events listeners...
[18:13:46] [main/INFO]: Registering sound effects...
[18:13:46] [main/INFO]: Registering status effects for lightwithin
[18:13:46] [main/INFO]: Registering items...
[18:13:47] [main/INFO]: Definitely not up to no good
[18:13:47] [main/INFO]: Origins 1.7.1 is initializing. Have fun!
[18:13:48] [main/INFO]: Loaded 207 hat entries from simplehats.json
[18:13:49] [main/ERROR]: No data fixer registered for hatdisplay
[18:13:49] [main/INFO]: Generated 207 hat items from hat entries.
[18:13:49] [main/INFO]: "./config/byg/overworld/byg-overworld-biomes.json5" was read.
[18:13:49] [main/INFO]: Registered region minecraft:overworld to index 0 for type OVERWORLD
[18:13:49] [main/INFO]: Registered region minecraft:nether to index 0 for type NETHER
[18:13:49] [main/INFO]: Registered region byg:region_0 to index 1 for type OVERWORLD
[18:13:49] [main/INFO]: Registered region byg:region_1 to index 2 for type OVERWORLD
[18:13:49] [main/INFO]: Registered region byg:region_2 to index 3 for type OVERWORLD
[18:13:49] [main/INFO]: Registered region byg:region_3 to index 4 for type OVERWORLD
[18:13:49] [main/INFO]: Registered region terrestria:overworld to index 5 for type OVERWORLD
[18:13:49] [main/INFO]: Registered region terrestria:overworld_rare to index 6 for type OVERWORLD
[18:13:49] [main/INFO]: Enabling Terrestria's TerraBlender worldgen module.
[18:13:49] [main/INFO]: Config loaded
[18:13:49] [main/INFO]: Tom's Storage Setup starting
[18:13:50] [main/INFO]: Registered region traverse:overworld to index 7 for type OVERWORLD
[18:13:50] [main/INFO]: Enabling Traverse's TerraBlender worldgen module.
[18:13:50] [main/INFO]: Loading unstructured
[18:13:50] [main/INFO]: Hello from UFU! Remember to make backups!
[18:13:50] [main/INFO]: Finished reading ufu.txt, found 389 valid pairs
[18:13:50] [main/INFO]: Got request to register class com.sk89q.worldedit.fabric.FabricPlatform with WorldEdit [com.sk89q.worldedit.extension.platform.PlatformManager@37cb120b]
[18:13:50] [main/INFO]: WorldEdit for Fabric (version 7.2.12+6240-87f4ae1) is loaded
[18:13:50] [main/INFO]: Reflections took 7 ms to scan 1 urls, producing 1 keys and 3 values
[18:13:50] [main/INFO]: Reflections took 20 ms to scan 1 urls, producing 1 keys and 3 values
[18:13:51] [main/INFO]: Reflections took 15 ms to scan 1 urls, producing 1 keys and 2 values
[18:13:51] [main/INFO]: Reflections took 2 ms to scan 1 urls, producing 1 keys and 2 values
[18:13:51] [main/INFO]: [betterend] Registered betterend:old_bulbis_gardens
[18:13:51] [main/INFO]: onInitialize complete
[18:13:51] [main/WARN]: Found block type with duplicate id (minecraft:oak), skipping
[18:13:51] [main/WARN]: Failed to find custom wood type byg:embur
[18:13:52] [main/WARN]: Found block type with duplicate id (minecraft:oak), skipping
[18:13:52] [main/INFO]: Initialized block sets in 81ms
[18:13:52] [main/ERROR]: No data fixer registered for immersive_weathering:falling_icicle
[18:13:52] [main/ERROR]: No data fixer registered for immersive_weathering:falling_layer
[18:13:52] [main/ERROR]: No data fixer registered for immersive_weathering:falling_propagule
[18:13:52] [main/INFO]: Initialized color sets in 111ms
[18:13:52] [main/WARN]: You specified a resource pack without providing a sha1 hash. Pack will be updated on the client only if you change the name of the pack.
[18:13:52] [main/INFO]: Environment: authHost='https://authserver.mojang.com', accountsHost='https://api.mojang.com', sessionHost='https://sessionserver.mojang.com', servicesHost='https://api.minecraftservices.com', name='PROD'
[18:13:52] [main/INFO]: [DataFixerAPI] Ignoring Patch{betternether:5.3.5:21020677}
[18:13:52] [main/INFO]: [bclib] Running Pre Patchers on ./world/.
[18:13:52] [main/INFO]: [DataFixerAPI] Everything up to date
[18:13:53] [main/INFO]: Found new data pack file/repurposed_structures.zip, loading it automatically
[18:13:53] [main/INFO]: ARRP register - before vanilla
[18:13:53] [main/INFO]: ARRP register - after vanilla
[18:13:53] [main/INFO]: Generated runtime SERVER_DATA for pack Immersive Weathering Generated Pack in: 34 ms
[18:13:57] [main/INFO]: [bclib] Make sure features are loaded from terrablender
BCLib - Nether BiomeSource (518f49a)
    biomes     = 27
    namespaces = betternether, minecraft
    seed       = 0
    height     = 128
    config     = BCLibNetherBiomeSourceConfig{mapVersion=hex}
[18:13:57] [main/INFO]: [bclib] Found End Biome betterend:nightshade_redwoods that was not registers with fabric or bclib. Assuming end-land Biome...
[18:13:57] [main/INFO]: [bclib] Found End Biome betterend:old_bulbis_gardens that was not registers with fabric or bclib. Assuming end-land Biome...
[18:13:57] [main/INFO]: [bclib] Make sure features are loaded from terrablender
BCLib - The End BiomeSource (64b6042f)
    biomes     = 26
    namespaces = betterend, minecraft
    seed       = 0
    height     = 128
    deciders   = 1
    config     = BCLEndBiomeSourceConfig{mapVersion=hex, generatorVersion=paulevs, withVoidBiomes=true, innerVoidRadiusSquared=1048576, voidBiomesSize=256, centerBiomesSize=256, landBiomesSize=256, barrensBiomesSize=256}
[18:13:57] [main/INFO]: [bclib] Make sure features are loaded from terrablender
BCLib - Nether BiomeSource (30c05416)
    biomes     = 27
    namespaces = betternether, minecraft
    seed       = 0
    height     = 128
    config     = BCLibNetherBiomeSourceConfig{mapVersion=square}
[18:13:57] [main/INFO]: [bclib] Found End Biome betterend:nightshade_redwoods that was not registers with fabric or bclib. Assuming end-land Biome...
[18:13:57] [main/INFO]: [bclib] Found End Biome betterend:old_bulbis_gardens that was not registers with fabric or bclib. Assuming end-land Biome...
[18:13:57] [main/INFO]: [bclib] Make sure features are loaded from terrablender
BCLib - The End BiomeSource (1488ecb8)
    biomes     = 26
    namespaces = betterend, minecraft
    seed       = 0
    height     = 128
    deciders   = 1
    config     = BCLEndBiomeSourceConfig{mapVersion=square, generatorVersion=paulevs, withVoidBiomes=true, innerVoidRadiusSquared=1048576, voidBiomesSize=256, centerBiomesSize=256, landBiomesSize=256, barrensBiomesSize=256}
[18:14:02] [main/WARN]: Failed to load datapacks, can't proceed with server load. You can either fix your datapacks or reset to vanilla with --safeMode
java.util.concurrent.ExecutionException: com.google.gson.JsonParseException: Error loading registry data: Unknown registry key in ResourceKey[minecraft:root / minecraft:worldgen/structure_type]: repurposed_structures:generic_nether_jigsaw_structure
	at java.util.concurrent.CompletableFuture.reportGet(CompletableFuture.java:396) ~[?:?]
	at java.util.concurrent.CompletableFuture.get(CompletableFuture.java:2073) ~[?:?]
	at net.minecraft.server.Main.main(Main.java:194) [server-intermediary.jar:?]
	at net.fabricmc.loader.impl.game.minecraft.MinecraftGameProvider.launch(MinecraftGameProvider.java:461) [fabric-loader-0.14.10.jar:?]
	at net.fabricmc.loader.impl.launch.knot.Knot.launch(Knot.java:74) [fabric-loader-0.14.10.jar:?]
	at net.fabricmc.loader.impl.launch.knot.KnotServer.main(KnotServer.java:23) [fabric-loader-0.14.10.jar:?]
	at net.fabricmc.loader.impl.launch.server.FabricServerLauncher.main(FabricServerLauncher.java:69) [fabric-loader-0.14.10.jar:?]
	at net.fabricmc.installer.ServerLauncher.main(ServerLauncher.java:69) [fabric-server-mc.1.19.2-loader.0.14.10-launcher.0.11.1.jar:0.11.1]
Caused by: com.google.gson.JsonParseException: Error loading registry data: Unknown registry key in ResourceKey[minecraft:root / minecraft:worldgen/structure_type]: repurposed_structures:generic_nether_jigsaw_structure
	at net.minecraft.class_5455.method_34849(class_5455.java:298) ~[server-intermediary.jar:?]
	at java.util.Optional.ifPresent(Optional.java:178) ~[?:?]
	at net.minecraft.class_5455.method_30526(class_5455.java:298) ~[server-intermediary.jar:?]
	at net.minecraft.class_5455.method_30519(class_5455.java:292) ~[server-intermediary.jar:?]
	at net.minecraft.class_6903.method_40413(class_6903.java:32) ~[server-intermediary.jar:?]
	at net.minecraft.class_6903.method_40412(class_6903.java:25) ~[server-intermediary.jar:?]
	at net.minecraft.server.Main.method_43613(Main.java:162) ~[server-intermediary.jar:?]
	at net.minecraft.class_7237.method_42098(class_7237.java:24) ~[server-intermediary.jar:?]
	at net.minecraft.class_6904.method_40431(class_6904.java:18) ~[server-intermediary.jar:?]
	at net.minecraft.server.Main.method_43612(Main.java:158) ~[server-intermediary.jar:?]
	at net.minecraft.class_156.method_43498(class_156.java:952) ~[server-intermediary.jar:?]
	at net.minecraft.class_156.method_43499(class_156.java:946) ~[server-intermediary.jar:?]
	at net.minecraft.server.Main.main(Main.java:156) ~[server-intermediary.jar:?]
	... 5 more
